<?xml version="1.0" encoding="UTF-8" ?>
<testsuite failures="0" time="0.024" errors="0" skipped="0" tests="1" name="com.hb.AppTest">
  <properties>
    <property name="java.runtime.name" value="Java(TM) SE Runtime Environment"/>
    <property name="sun.boot.library.path" value="C:\Program Files\Java\jdk1.6.0_35\jre\bin"/>
    <property name="java.vm.version" value="20.10-b01"/>
    <property name="java.vm.vendor" value="Sun Microsystems Inc."/>
    <property name="java.vendor.url" value="http://java.sun.com/"/>
    <property name="path.separator" value=";"/>
    <property name="java.vm.name" value="Java HotSpot(TM) 64-Bit Server VM"/>
    <property name="file.encoding.pkg" value="sun.io"/>
    <property name="user.country" value="US"/>
    <property name="sun.java.launcher" value="SUN_STANDARD"/>
    <property name="sun.os.patch.level" value=""/>
    <property name="java.vm.specification.name" value="Java Virtual Machine Specification"/>
    <property name="user.dir" value="C:\Workspace\dev\HB\HB_Core"/>
    <property name="java.runtime.version" value="1.6.0_35-b10"/>
    <property name="java.awt.graphicsenv" value="sun.awt.Win32GraphicsEnvironment"/>
    <property name="basedir" value="C:\Workspace\dev\HB\HB_Core"/>
    <property name="java.endorsed.dirs" value="C:\Program Files\Java\jdk1.6.0_35\jre\lib\endorsed"/>
    <property name="os.arch" value="amd64"/>
    <property name="surefire.real.class.path" value="C:\Workspace\dev\HB\HB_Core\target\surefire\surefirebooter1624237121150689317.jar"/>
    <property name="java.io.tmpdir" value="C:\Users\zhuwans\AppData\Local\Temp\"/>
    <property name="line.separator" value="
"/>
    <property name="java.vm.specification.vendor" value="Sun Microsystems Inc."/>
    <property name="user.variant" value=""/>
    <property name="os.name" value="Windows NT (unknown)"/>
    <property name="sun.jnu.encoding" value="GBK"/>
    <property name="java.library.path" value="C:\Program Files\Java\jdk1.6.0_35\jre\bin;C:\windows\Sun\Java\bin;C:\windows\system32;C:\windows;C:\Program Files\RA2HP\;C:\Workspace\IDE\apache-maven-3.0.3/bin;C:\Program Files\Java\jdk1.6.0_35/bin;C:\windows\system32;C:\windows;C:\windows\System32\Wbem;C:\windows\System32\WindowsPowerShell\v1.0\;C:\Program Files\TortoiseSVN\bin;C:\Program Files (x86)\Graphviz 2.28\bin;."/>
    <property name="surefire.test.class.path" value="C:\Workspace\dev\HB\HB_Core\target\test-classes;C:\Workspace\dev\HB\HB_Core\target\classes;C:\Users\zhuwans\.m2\repository\org\hibernate\hibernate-core\4.1.4.Final\hibernate-core-4.1.4.Final.jar;C:\Users\zhuwans\.m2\repository\antlr\antlr\2.7.7\antlr-2.7.7.jar;C:\Users\zhuwans\.m2\repository\org\jboss\logging\jboss-logging\3.1.0.GA\jboss-logging-3.1.0.GA.jar;C:\Users\zhuwans\.m2\repository\org\jboss\spec\javax\transaction\jboss-transaction-api_1.1_spec\1.0.0.Final\jboss-transaction-api_1.1_spec-1.0.0.Final.jar;C:\Users\zhuwans\.m2\repository\dom4j\dom4j\1.6.1\dom4j-1.6.1.jar;C:\Users\zhuwans\.m2\repository\org\hibernate\javax\persistence\hibernate-jpa-2.0-api\1.0.1.Final\hibernate-jpa-2.0-api-1.0.1.Final.jar;C:\Users\zhuwans\.m2\repository\org\javassist\javassist\3.15.0-GA\javassist-3.15.0-GA.jar;C:\Users\zhuwans\.m2\repository\org\hibernate\common\hibernate-commons-annotations\4.0.1.Final\hibernate-commons-annotations-4.0.1.Final.jar;C:\Users\zhuwans\.m2\repository\org\hibernate\hibernate-search\4.1.1.Final\hibernate-search-4.1.1.Final.jar;C:\Users\zhuwans\.m2\repository\org\hibernate\hibernate-search-orm\4.1.1.Final\hibernate-search-orm-4.1.1.Final.jar;C:\Users\zhuwans\.m2\repository\org\hibernate\hibernate-search-engine\4.1.1.Final\hibernate-search-engine-4.1.1.Final.jar;C:\Users\zhuwans\.m2\repository\org\apache\lucene\lucene-core\3.5.0\lucene-core-3.5.0.jar;C:\Users\zhuwans\.m2\repository\org\apache\avro\avro\1.5.1\avro-1.5.1.jar;C:\Users\zhuwans\.m2\repository\org\codehaus\jackson\jackson-mapper-asl\1.7.3\jackson-mapper-asl-1.7.3.jar;C:\Users\zhuwans\.m2\repository\org\codehaus\jackson\jackson-core-asl\1.7.3\jackson-core-asl-1.7.3.jar;C:\Users\zhuwans\.m2\repository\com\thoughtworks\paranamer\paranamer\2.3\paranamer-2.3.jar;C:\Users\zhuwans\.m2\repository\org\xerial\snappy\snappy-java\1.0.1-rc3\snappy-java-1.0.1-rc3.jar;C:\Users\zhuwans\.m2\repository\org\slf4j\slf4j-api\1.6.1\slf4j-api-1.6.1.jar;C:\Users\zhuwans\.m2\repository\org\hibernate\hibernate-search-analyzers\4.1.1.Final\hibernate-search-analyzers-4.1.1.Final.jar;C:\Users\zhuwans\.m2\repository\org\apache\lucene\lucene-analyzers\3.5.0\lucene-analyzers-3.5.0.jar;C:\Users\zhuwans\.m2\repository\org\apache\solr\solr-analysis-extras\3.5.0\solr-analysis-extras-3.5.0.jar;C:\Users\zhuwans\.m2\repository\org\apache\solr\solr-core\3.5.0\solr-core-3.5.0.jar;C:\Users\zhuwans\.m2\repository\org\apache\solr\solr-solrj\3.5.0\solr-solrj-3.5.0.jar;C:\Users\zhuwans\.m2\repository\org\apache\lucene\lucene-highlighter\3.5.0\lucene-highlighter-3.5.0.jar;C:\Users\zhuwans\.m2\repository\org\apache\lucene\lucene-memory\3.5.0\lucene-memory-3.5.0.jar;C:\Users\zhuwans\.m2\repository\org\apache\lucene\lucene-misc\3.5.0\lucene-misc-3.5.0.jar;C:\Users\zhuwans\.m2\repository\org\apache\lucene\lucene-spatial\3.5.0\lucene-spatial-3.5.0.jar;C:\Users\zhuwans\.m2\repository\org\apache\lucene\lucene-spellchecker\3.5.0\lucene-spellchecker-3.5.0.jar;C:\Users\zhuwans\.m2\repository\org\apache\lucene\lucene-grouping\3.5.0\lucene-grouping-3.5.0.jar;C:\Users\zhuwans\.m2\repository\org\apache\solr\solr-commons-csv\3.5.0\solr-commons-csv-3.5.0.jar;C:\Users\zhuwans\.m2\repository\commons-codec\commons-codec\1.5\commons-codec-1.5.jar;C:\Users\zhuwans\.m2\repository\commons-io\commons-io\1.4\commons-io-1.4.jar;C:\Users\zhuwans\.m2\repository\commons-lang\commons-lang\2.4\commons-lang-2.4.jar;C:\Users\zhuwans\.m2\repository\com\google\guava\guava\r05\guava-r05.jar;C:\Users\zhuwans\.m2\repository\org\apache\lucene\lucene-smartcn\3.5.0\lucene-smartcn-3.5.0.jar;C:\Users\zhuwans\.m2\repository\org\apache\lucene\lucene-stempel\3.5.0\lucene-stempel-3.5.0.jar;C:\Users\zhuwans\.m2\repository\org\xerial\sqlite-jdbc\3.7.2\sqlite-jdbc-3.7.2.jar;C:\Users\zhuwans\.m2\repository\junit\junit\3.8.1\junit-3.8.1.jar;"/>
    <property name="java.specification.name" value="Java Platform API Specification"/>
    <property name="java.class.version" value="50.0"/>
    <property name="sun.management.compiler" value="HotSpot 64-Bit Tiered Compilers"/>
    <property name="os.version" value="6.2"/>
    <property name="user.home" value="C:\Users\zhuwans"/>
    <property name="user.timezone" value=""/>
    <property name="java.awt.printerjob" value="sun.awt.windows.WPrinterJob"/>
    <property name="java.specification.version" value="1.6"/>
    <property name="file.encoding" value="Cp1252"/>
    <property name="user.name" value="zhuwans"/>
    <property name="java.class.path" value="C:\Workspace\dev\HB\HB_Core\target\test-classes;C:\Workspace\dev\HB\HB_Core\target\classes;C:\Users\zhuwans\.m2\repository\org\hibernate\hibernate-core\4.1.4.Final\hibernate-core-4.1.4.Final.jar;C:\Users\zhuwans\.m2\repository\antlr\antlr\2.7.7\antlr-2.7.7.jar;C:\Users\zhuwans\.m2\repository\org\jboss\logging\jboss-logging\3.1.0.GA\jboss-logging-3.1.0.GA.jar;C:\Users\zhuwans\.m2\repository\org\jboss\spec\javax\transaction\jboss-transaction-api_1.1_spec\1.0.0.Final\jboss-transaction-api_1.1_spec-1.0.0.Final.jar;C:\Users\zhuwans\.m2\repository\dom4j\dom4j\1.6.1\dom4j-1.6.1.jar;C:\Users\zhuwans\.m2\repository\org\hibernate\javax\persistence\hibernate-jpa-2.0-api\1.0.1.Final\hibernate-jpa-2.0-api-1.0.1.Final.jar;C:\Users\zhuwans\.m2\repository\org\javassist\javassist\3.15.0-GA\javassist-3.15.0-GA.jar;C:\Users\zhuwans\.m2\repository\org\hibernate\common\hibernate-commons-annotations\4.0.1.Final\hibernate-commons-annotations-4.0.1.Final.jar;C:\Users\zhuwans\.m2\repository\org\hibernate\hibernate-search\4.1.1.Final\hibernate-search-4.1.1.Final.jar;C:\Users\zhuwans\.m2\repository\org\hibernate\hibernate-search-orm\4.1.1.Final\hibernate-search-orm-4.1.1.Final.jar;C:\Users\zhuwans\.m2\repository\org\hibernate\hibernate-search-engine\4.1.1.Final\hibernate-search-engine-4.1.1.Final.jar;C:\Users\zhuwans\.m2\repository\org\apache\lucene\lucene-core\3.5.0\lucene-core-3.5.0.jar;C:\Users\zhuwans\.m2\repository\org\apache\avro\avro\1.5.1\avro-1.5.1.jar;C:\Users\zhuwans\.m2\repository\org\codehaus\jackson\jackson-mapper-asl\1.7.3\jackson-mapper-asl-1.7.3.jar;C:\Users\zhuwans\.m2\repository\org\codehaus\jackson\jackson-core-asl\1.7.3\jackson-core-asl-1.7.3.jar;C:\Users\zhuwans\.m2\repository\com\thoughtworks\paranamer\paranamer\2.3\paranamer-2.3.jar;C:\Users\zhuwans\.m2\repository\org\xerial\snappy\snappy-java\1.0.1-rc3\snappy-java-1.0.1-rc3.jar;C:\Users\zhuwans\.m2\repository\org\slf4j\slf4j-api\1.6.1\slf4j-api-1.6.1.jar;C:\Users\zhuwans\.m2\repository\org\hibernate\hibernate-search-analyzers\4.1.1.Final\hibernate-search-analyzers-4.1.1.Final.jar;C:\Users\zhuwans\.m2\repository\org\apache\lucene\lucene-analyzers\3.5.0\lucene-analyzers-3.5.0.jar;C:\Users\zhuwans\.m2\repository\org\apache\solr\solr-analysis-extras\3.5.0\solr-analysis-extras-3.5.0.jar;C:\Users\zhuwans\.m2\repository\org\apache\solr\solr-core\3.5.0\solr-core-3.5.0.jar;C:\Users\zhuwans\.m2\repository\org\apache\solr\solr-solrj\3.5.0\solr-solrj-3.5.0.jar;C:\Users\zhuwans\.m2\repository\org\apache\lucene\lucene-highlighter\3.5.0\lucene-highlighter-3.5.0.jar;C:\Users\zhuwans\.m2\repository\org\apache\lucene\lucene-memory\3.5.0\lucene-memory-3.5.0.jar;C:\Users\zhuwans\.m2\repository\org\apache\lucene\lucene-misc\3.5.0\lucene-misc-3.5.0.jar;C:\Users\zhuwans\.m2\repository\org\apache\lucene\lucene-spatial\3.5.0\lucene-spatial-3.5.0.jar;C:\Users\zhuwans\.m2\repository\org\apache\lucene\lucene-spellchecker\3.5.0\lucene-spellchecker-3.5.0.jar;C:\Users\zhuwans\.m2\repository\org\apache\lucene\lucene-grouping\3.5.0\lucene-grouping-3.5.0.jar;C:\Users\zhuwans\.m2\repository\org\apache\solr\solr-commons-csv\3.5.0\solr-commons-csv-3.5.0.jar;C:\Users\zhuwans\.m2\repository\commons-codec\commons-codec\1.5\commons-codec-1.5.jar;C:\Users\zhuwans\.m2\repository\commons-io\commons-io\1.4\commons-io-1.4.jar;C:\Users\zhuwans\.m2\repository\commons-lang\commons-lang\2.4\commons-lang-2.4.jar;C:\Users\zhuwans\.m2\repository\com\google\guava\guava\r05\guava-r05.jar;C:\Users\zhuwans\.m2\repository\org\apache\lucene\lucene-smartcn\3.5.0\lucene-smartcn-3.5.0.jar;C:\Users\zhuwans\.m2\repository\org\apache\lucene\lucene-stempel\3.5.0\lucene-stempel-3.5.0.jar;C:\Users\zhuwans\.m2\repository\org\xerial\sqlite-jdbc\3.7.2\sqlite-jdbc-3.7.2.jar;C:\Users\zhuwans\.m2\repository\junit\junit\3.8.1\junit-3.8.1.jar;"/>
    <property name="java.vm.specification.version" value="1.0"/>
    <property name="sun.arch.data.model" value="64"/>
    <property name="java.home" value="C:\Program Files\Java\jdk1.6.0_35\jre"/>
    <property name="sun.java.command" value="C:\Workspace\dev\HB\HB_Core\target\surefire\surefirebooter1624237121150689317.jar C:\Workspace\dev\HB\HB_Core\target\surefire\surefire7934226744648580964tmp C:\Workspace\dev\HB\HB_Core\target\surefire\surefire2357352244005666513tmp"/>
    <property name="java.specification.vendor" value="Sun Microsystems Inc."/>
    <property name="user.language" value="en"/>
    <property name="awt.toolkit" value="sun.awt.windows.WToolkit"/>
    <property name="java.vm.info" value="mixed mode"/>
    <property name="java.version" value="1.6.0_35"/>
    <property name="java.ext.dirs" value="C:\Program Files\Java\jdk1.6.0_35\jre\lib\ext;C:\windows\Sun\Java\lib\ext"/>
    <property name="sun.boot.class.path" value="C:\Program Files\Java\jdk1.6.0_35\jre\lib\resources.jar;C:\Program Files\Java\jdk1.6.0_35\jre\lib\rt.jar;C:\Program Files\Java\jdk1.6.0_35\jre\lib\sunrsasign.jar;C:\Program Files\Java\jdk1.6.0_35\jre\lib\jsse.jar;C:\Program Files\Java\jdk1.6.0_35\jre\lib\jce.jar;C:\Program Files\Java\jdk1.6.0_35\jre\lib\charsets.jar;C:\Program Files\Java\jdk1.6.0_35\jre\lib\modules\jdk.boot.jar;C:\Program Files\Java\jdk1.6.0_35\jre\classes"/>
    <property name="java.vendor" value="Sun Microsystems Inc."/>
    <property name="localRepository" value="C:\Users\zhuwans\.m2\repository"/>
    <property name="file.separator" value="\"/>
    <property name="java.vendor.url.bug" value="http://java.sun.com/cgi-bin/bugreport.cgi"/>
    <property name="sun.cpu.endian" value="little"/>
    <property name="sun.io.unicode.encoding" value="UnicodeLittle"/>
    <property name="sun.desktop" value="windows"/>
    <property name="sun.cpu.isalist" value="amd64"/>
  </properties>
  <testcase time="0.003" classname="com.hb.AppTest" name="testApp"/>
</testsuite>